<?xml version="1.0" encoding="UTF-8"?>
<testng-results skipped="0" failed="0" ignored="0" total="1" passed="1">
  <reporter-output>
  </reporter-output>
  <suite name="Default suite" duration-ms="493" started-at="2024-01-10T11:53:42Z" finished-at="2024-01-10T11:53:43Z">
    <groups>
    </groups>
    <test name="Default test" duration-ms="493" started-at="2024-01-10T11:53:42Z" finished-at="2024-01-10T11:53:43Z">
      <class name="com.techment.test.Test1">
        <test-method status="PASS" signature="beforeClass()[pri:0, instance:com.techment.test.Test1@612fc6eb]" name="beforeClass" is-config="true" duration-ms="0" started-at="2024-01-10T11:53:42Z" finished-at="2024-01-10T11:53:42Z">
          <reporter-output>
          </reporter-output>
        </test-method> <!-- beforeClass -->
        <test-method status="PASS" signature="tc1()[pri:0, instance:com.techment.test.Test1@612fc6eb]" name="tc1" duration-ms="457" started-at="2024-01-10T11:53:42Z" finished-at="2024-01-10T11:53:43Z">
          <reporter-output>
          </reporter-output>
        </test-method> <!-- tc1 -->
        <test-method status="PASS" signature="afterClass()[pri:0, instance:com.techment.test.Test1@612fc6eb]" name="afterClass" is-config="true" duration-ms="0" started-at="2024-01-10T11:53:43Z" finished-at="2024-01-10T11:53:43Z">
          <reporter-output>
          </reporter-output>
        </test-method> <!-- afterClass -->
      </class> <!-- com.techment.test.Test1 -->
    </test> <!-- Default test -->
  </suite> <!-- Default suite -->
</testng-results>
